  Task 2.cpp
C:\Users\somma\OneDrive\Desktop\Homework\Lesson 3\Task 2\Task 2\Task 2.cpp(30,26): warning C4566: character represented by universal-character-name '\u0412' cannot be represented in the current code page (1252)
C:\Users\somma\OneDrive\Desktop\Homework\Lesson 3\Task 2\Task 2\Task 2.cpp(30,26): warning C4566: character represented by universal-character-name '\u0432' cannot be represented in the current code page (1252)
C:\Users\somma\OneDrive\Desktop\Homework\Lesson 3\Task 2\Task 2\Task 2.cpp(30,26): warning C4566: character represented by universal-character-name '\u0435' cannot be represented in the current code page (1252)
C:\Users\somma\OneDrive\Desktop\Homework\Lesson 3\Task 2\Task 2\Task 2.cpp(30,26): warning C4566: character represented by universal-character-name '\u0434' cannot be represented in the current code page (1252)
C:\Users\somma\OneDrive\Desktop\Homework\Lesson 3\Task 2\Task 2\Task 2.cpp(30,26): warning C4566: character represented by universal-character-name '\u0438' cannot be represented in the current code page (1252)
C:\Users\somma\OneDrive\Desktop\Homework\Lesson 3\Task 2\Task 2\Task 2.cpp(30,26): warning C4566: character represented by universal-character-name '\u0442' cannot be represented in the current code page (1252)
C:\Users\somma\OneDrive\Desktop\Homework\Lesson 3\Task 2\Task 2\Task 2.cpp(30,26): warning C4566: character represented by universal-character-name '\u043A' cannot be represented in the current code page (1252)
C:\Users\somma\OneDrive\Desktop\Homework\Lesson 3\Task 2\Task 2\Task 2.cpp(30,26): warning C4566: character represented by universal-character-name '\u043E' cannot be represented in the current code page (1252)
C:\Users\somma\OneDrive\Desktop\Homework\Lesson 3\Task 2\Task 2\Task 2.cpp(30,26): warning C4566: character represented by universal-character-name '\u043C' cannot be represented in the current code page (1252)
C:\Users\somma\OneDrive\Desktop\Homework\Lesson 3\Task 2\Task 2\Task 2.cpp(30,26): warning C4566: character represented by universal-character-name '\u0430' cannot be represented in the current code page (1252)
C:\Users\somma\OneDrive\Desktop\Homework\Lesson 3\Task 2\Task 2\Task 2.cpp(30,26): warning C4566: character represented by universal-character-name '\u043D' cannot be represented in the current code page (1252)
C:\Users\somma\OneDrive\Desktop\Homework\Lesson 3\Task 2\Task 2\Task 2.cpp(30,26): warning C4566: character represented by universal-character-name '\u0443' cannot be represented in the current code page (1252)
C:\Users\somma\OneDrive\Desktop\Homework\Lesson 3\Task 2\Task 2\Task 2.cpp(30,26): warning C4566: character represented by universal-character-name '\u043B' cannot be represented in the current code page (1252)
C:\Users\somma\OneDrive\Desktop\Homework\Lesson 3\Task 2\Task 2\Task 2.cpp(41,26): warning C4566: character represented by universal-character-name '\u0414' cannot be represented in the current code page (1252)
C:\Users\somma\OneDrive\Desktop\Homework\Lesson 3\Task 2\Task 2\Task 2.cpp(41,26): warning C4566: character represented by universal-character-name '\u043E' cannot be represented in the current code page (1252)
C:\Users\somma\OneDrive\Desktop\Homework\Lesson 3\Task 2\Task 2\Task 2.cpp(41,26): warning C4566: character represented by universal-character-name '\u0441' cannot be represented in the current code page (1252)
C:\Users\somma\OneDrive\Desktop\Homework\Lesson 3\Task 2\Task 2\Task 2.cpp(41,26): warning C4566: character represented by universal-character-name '\u0432' cannot be represented in the current code page (1252)
C:\Users\somma\OneDrive\Desktop\Homework\Lesson 3\Task 2\Task 2\Task 2.cpp(41,26): warning C4566: character represented by universal-character-name '\u0438' cannot be represented in the current code page (1252)
C:\Users\somma\OneDrive\Desktop\Homework\Lesson 3\Task 2\Task 2\Task 2.cpp(41,26): warning C4566: character represented by universal-character-name '\u0434' cannot be represented in the current code page (1252)
C:\Users\somma\OneDrive\Desktop\Homework\Lesson 3\Task 2\Task 2\Task 2.cpp(41,26): warning C4566: character represented by universal-character-name '\u0430' cannot be represented in the current code page (1252)
C:\Users\somma\OneDrive\Desktop\Homework\Lesson 3\Task 2\Task 2\Task 2.cpp(41,26): warning C4566: character represented by universal-character-name '\u043D' cannot be represented in the current code page (1252)
C:\Users\somma\OneDrive\Desktop\Homework\Lesson 3\Task 2\Task 2\Task 2.cpp(41,26): warning C4566: character represented by universal-character-name '\u044F' cannot be represented in the current code page (1252)
C:\Users\somma\OneDrive\Desktop\Homework\Lesson 3\Task 2\Task 2\Task 2.cpp(56,18): warning C4566: character represented by universal-character-name '\u0412' cannot be represented in the current code page (1252)
C:\Users\somma\OneDrive\Desktop\Homework\Lesson 3\Task 2\Task 2\Task 2.cpp(56,18): warning C4566: character represented by universal-character-name '\u044B' cannot be represented in the current code page (1252)
C:\Users\somma\OneDrive\Desktop\Homework\Lesson 3\Task 2\Task 2\Task 2.cpp(56,18): warning C4566: character represented by universal-character-name '\u0445' cannot be represented in the current code page (1252)
C:\Users\somma\OneDrive\Desktop\Homework\Lesson 3\Task 2\Task 2\Task 2.cpp(56,18): warning C4566: character represented by universal-character-name '\u043E' cannot be represented in the current code page (1252)
C:\Users\somma\OneDrive\Desktop\Homework\Lesson 3\Task 2\Task 2\Task 2.cpp(56,18): warning C4566: character represented by universal-character-name '\u0442' cannot be represented in the current code page (1252)
C:\Users\somma\OneDrive\Desktop\Homework\Lesson 3\Task 2\Task 2\Task 2.cpp(56,18): warning C4566: character represented by universal-character-name '\u0438' cannot be represented in the current code page (1252)
C:\Users\somma\OneDrive\Desktop\Homework\Lesson 3\Task 2\Task 2\Task 2.cpp(56,18): warning C4566: character represented by universal-character-name '\u0435' cannot be represented in the current code page (1252)
C:\Users\somma\OneDrive\Desktop\Homework\Lesson 3\Task 2\Task 2\Task 2.cpp(56,18): warning C4566: character represented by universal-character-name '\u0443' cannot be represented in the current code page (1252)
C:\Users\somma\OneDrive\Desktop\Homework\Lesson 3\Task 2\Task 2\Task 2.cpp(56,18): warning C4566: character represented by universal-character-name '\u043A' cannot be represented in the current code page (1252)
C:\Users\somma\OneDrive\Desktop\Homework\Lesson 3\Task 2\Task 2\Task 2.cpp(56,18): warning C4566: character represented by universal-character-name '\u0430' cannot be represented in the current code page (1252)
C:\Users\somma\OneDrive\Desktop\Homework\Lesson 3\Task 2\Task 2\Task 2.cpp(56,18): warning C4566: character represented by universal-character-name '\u0437' cannot be represented in the current code page (1252)
C:\Users\somma\OneDrive\Desktop\Homework\Lesson 3\Task 2\Task 2\Task 2.cpp(56,18): warning C4566: character represented by universal-character-name '\u044C' cannot be represented in the current code page (1252)
C:\Users\somma\OneDrive\Desktop\Homework\Lesson 3\Task 2\Task 2\Task 2.cpp(56,18): warning C4566: character represented by universal-character-name '\u043D' cannot be represented in the current code page (1252)
C:\Users\somma\OneDrive\Desktop\Homework\Lesson 3\Task 2\Task 2\Task 2.cpp(56,18): warning C4566: character represented by universal-character-name '\u0447' cannot be represented in the current code page (1252)
C:\Users\somma\OneDrive\Desktop\Homework\Lesson 3\Task 2\Task 2\Task 2.cpp(56,18): warning C4566: character represented by universal-character-name '\u043B' cannot be represented in the current code page (1252)
C:\Users\somma\OneDrive\Desktop\Homework\Lesson 3\Task 2\Task 2\Task 2.cpp(56,18): warning C4566: character represented by universal-character-name '\u0441' cannot be represented in the current code page (1252)
C:\Users\somma\OneDrive\Desktop\Homework\Lesson 3\Task 2\Task 2\Task 2.cpp(56,18): warning C4566: character represented by universal-character-name '\u0451' cannot be represented in the current code page (1252)
C:\Users\somma\OneDrive\Desktop\Homework\Lesson 3\Task 2\Task 2\Task 2.cpp(56,18): warning C4566: character represented by universal-character-name '\u0432' cannot be represented in the current code page (1252)
C:\Users\somma\OneDrive\Desktop\Homework\Lesson 3\Task 2\Task 2\Task 2.cpp(56,18): warning C4566: character represented by universal-character-name '\u0434' cannot be represented in the current code page (1252)
C:\Users\somma\OneDrive\Desktop\Homework\Lesson 3\Task 2\Task 2\Task 2.cpp(60,19): warning C4566: character represented by universal-character-name '\u0434' cannot be represented in the current code page (1252)
C:\Users\somma\OneDrive\Desktop\Homework\Lesson 3\Task 2\Task 2\Task 2.cpp(60,19): warning C4566: character represented by universal-character-name '\u0430' cannot be represented in the current code page (1252)
C:\Users\somma\OneDrive\Desktop\Homework\Lesson 3\Task 2\Task 2\Task 2.cpp(61,22): warning C4566: character represented by universal-character-name '\u0412' cannot be represented in the current code page (1252)
C:\Users\somma\OneDrive\Desktop\Homework\Lesson 3\Task 2\Task 2\Task 2.cpp(61,22): warning C4566: character represented by universal-character-name '\u0432' cannot be represented in the current code page (1252)
C:\Users\somma\OneDrive\Desktop\Homework\Lesson 3\Task 2\Task 2\Task 2.cpp(61,22): warning C4566: character represented by universal-character-name '\u0435' cannot be represented in the current code page (1252)
C:\Users\somma\OneDrive\Desktop\Homework\Lesson 3\Task 2\Task 2\Task 2.cpp(61,22): warning C4566: character represented by universal-character-name '\u0434' cannot be represented in the current code page (1252)
C:\Users\somma\OneDrive\Desktop\Homework\Lesson 3\Task 2\Task 2\Task 2.cpp(61,22): warning C4566: character represented by universal-character-name '\u0438' cannot be represented in the current code page (1252)
C:\Users\somma\OneDrive\Desktop\Homework\Lesson 3\Task 2\Task 2\Task 2.cpp(61,22): warning C4566: character represented by universal-character-name '\u0442' cannot be represented in the current code page (1252)
C:\Users\somma\OneDrive\Desktop\Homework\Lesson 3\Task 2\Task 2\Task 2.cpp(61,22): warning C4566: character represented by universal-character-name '\u0447' cannot be represented in the current code page (1252)
C:\Users\somma\OneDrive\Desktop\Homework\Lesson 3\Task 2\Task 2\Task 2.cpp(61,22): warning C4566: character represented by universal-character-name '\u0441' cannot be represented in the current code page (1252)
C:\Users\somma\OneDrive\Desktop\Homework\Lesson 3\Task 2\Task 2\Task 2.cpp(61,22): warning C4566: character represented by universal-character-name '\u043B' cannot be represented in the current code page (1252)
C:\Users\somma\OneDrive\Desktop\Homework\Lesson 3\Task 2\Task 2\Task 2.cpp(61,22): warning C4566: character represented by universal-character-name '\u043E' cannot be represented in the current code page (1252)
C:\Users\somma\OneDrive\Desktop\Homework\Lesson 3\Task 2\Task 2\Task 2.cpp(69,19): warning C4566: character represented by universal-character-name '\u043D' cannot be represented in the current code page (1252)
C:\Users\somma\OneDrive\Desktop\Homework\Lesson 3\Task 2\Task 2\Task 2.cpp(69,19): warning C4566: character represented by universal-character-name '\u0435' cannot be represented in the current code page (1252)
C:\Users\somma\OneDrive\Desktop\Homework\Lesson 3\Task 2\Task 2\Task 2.cpp(69,19): warning C4566: character represented by universal-character-name '\u0442' cannot be represented in the current code page (1252)
C:\Users\somma\OneDrive\Desktop\Homework\Lesson 3\Task 2\Task 2\Task 2.cpp(75,19): warning C4566: character represented by universal-character-name '\u0434' cannot be represented in the current code page (1252)
C:\Users\somma\OneDrive\Desktop\Homework\Lesson 3\Task 2\Task 2\Task 2.cpp(75,19): warning C4566: character represented by universal-character-name '\u0430' cannot be represented in the current code page (1252)
C:\Users\somma\OneDrive\Desktop\Homework\Lesson 3\Task 2\Task 2\Task 2.cpp(75,39): warning C4566: character represented by universal-character-name '\u043D' cannot be represented in the current code page (1252)
C:\Users\somma\OneDrive\Desktop\Homework\Lesson 3\Task 2\Task 2\Task 2.cpp(75,39): warning C4566: character represented by universal-character-name '\u0435' cannot be represented in the current code page (1252)
C:\Users\somma\OneDrive\Desktop\Homework\Lesson 3\Task 2\Task 2\Task 2.cpp(75,39): warning C4566: character represented by universal-character-name '\u0442' cannot be represented in the current code page (1252)
C:\Users\somma\OneDrive\Desktop\Homework\Lesson 3\Task 2\Task 2\Task 2.cpp(76,22): warning C4566: character represented by universal-character-name '\u0412' cannot be represented in the current code page (1252)
C:\Users\somma\OneDrive\Desktop\Homework\Lesson 3\Task 2\Task 2\Task 2.cpp(76,22): warning C4566: character represented by universal-character-name '\u044B' cannot be represented in the current code page (1252)
C:\Users\somma\OneDrive\Desktop\Homework\Lesson 3\Task 2\Task 2\Task 2.cpp(76,22): warning C4566: character represented by universal-character-name '\u0447' cannot be represented in the current code page (1252)
C:\Users\somma\OneDrive\Desktop\Homework\Lesson 3\Task 2\Task 2\Task 2.cpp(76,22): warning C4566: character represented by universal-character-name '\u0442' cannot be represented in the current code page (1252)
C:\Users\somma\OneDrive\Desktop\Homework\Lesson 3\Task 2\Task 2\Task 2.cpp(76,22): warning C4566: character represented by universal-character-name '\u043E' cannot be represented in the current code page (1252)
C:\Users\somma\OneDrive\Desktop\Homework\Lesson 3\Task 2\Task 2\Task 2.cpp(76,22): warning C4566: character represented by universal-character-name '\u043D' cannot be represented in the current code page (1252)
C:\Users\somma\OneDrive\Desktop\Homework\Lesson 3\Task 2\Task 2\Task 2.cpp(76,22): warning C4566: character represented by universal-character-name '\u0435' cannot be represented in the current code page (1252)
C:\Users\somma\OneDrive\Desktop\Homework\Lesson 3\Task 2\Task 2\Task 2.cpp(76,22): warning C4566: character represented by universal-character-name '\u0432' cannot be represented in the current code page (1252)
C:\Users\somma\OneDrive\Desktop\Homework\Lesson 3\Task 2\Task 2\Task 2.cpp(76,22): warning C4566: character represented by universal-character-name '\u043B' cannot be represented in the current code page (1252)
C:\Users\somma\OneDrive\Desktop\Homework\Lesson 3\Task 2\Task 2\Task 2.cpp(76,22): warning C4566: character represented by universal-character-name '\u0438' cannot be represented in the current code page (1252)
  Task 2.vcxproj -> C:\Users\somma\OneDrive\Desktop\Homework\Lesson 3\Task 2\Task 2\x64\Debug\Task 2.exe
